<?xml version="1.0" encoding="UTF-8"?>
<testsuite xmlns:xsi="http://www.w3.org/2001/XMLSchema-instance" xsi:noNamespaceSchemaLocation="https://maven.apache.org/surefire/maven-surefire-plugin/xsd/surefire-test-report.xsd" version="3.0.2" name="io.github.xavierb117.centroidfinder.EuclideanColorDistanceTest" time="0.016" tests="10" errors="0" skipped="0" failures="0">
  <properties>
[...]
</properties>
  <testcase name="testSymmetry" classname="io.github.xavierb117.centroidfinder.EuclideanColorDistanceTest" time="0.001"/>
  <testcase name="testBlackAndWhite" classname="io.github.xavierb117.centroidfinder.EuclideanColorDistanceTest" time="0.0"/>
  <testcase name="testRedAndBlue" classname="io.github.xavierb117.centroidfinder.EuclideanColorDistanceTest" time="0.001"/>
  <testcase name="testGreenChannelDifferenceOnly" classname="io.github.xavierb117.centroidfinder.EuclideanColorDistanceTest" time="0.001"/>
  <testcase name="testBlueChannelDifferenceOnly" classname="io.github.xavierb117.centroidfinder.EuclideanColorDistanceTest" time="0.001"/>
  <testcase name="testRedAndGreen" classname="io.github.xavierb117.centroidfinder.EuclideanColorDistanceTest" time="0.001"/>
  <testcase name="testSameColor" classname="io.github.xavierb117.centroidfinder.EuclideanColorDistanceTest" time="0.001"/>
  <testcase name="testGreenAndBlue" classname="io.github.xavierb117.centroidfinder.EuclideanColorDistanceTest" time="0.001"/>
  <testcase name="testRedChannelDifferenceOnly" classname="io.github.xavierb117.centroidfinder.EuclideanColorDistanceTest" time="0.001"/>
  <testcase name="testArbitraryColorDistance" classname="io.github.xavierb117.centroidfinder.EuclideanColorDistanceTest" time="0.0"/>
</testsuite>