<?xml version="1.0" encoding="UTF-8"?>
<testsuite xmlns:xsi="http://www.w3.org/2001/XMLSchema-instance" xsi:noNamespaceSchemaLocation="https://maven.apache.org/surefire/maven-surefire-plugin/xsd/surefire-test-report.xsd" version="3.0.2" name="io.github.xavierb117.centroidfinder.DistanceImageBinarizerTest" time="0.014" tests="11" errors="0" skipped="0" failures="0">
  <properties>
[...]
</properties>
  <testcase name="toBinaryArray_ShouldHandleSmall2x2ImageCorrectly" classname="io.github.xavierb117.centroidfinder.DistanceImageBinarizerTest" time="0.002"/>
  <testcase name="toBinaryArray_ShouldReturnWhiteForExactTargetColor" classname="io.github.xavierb117.centroidfinder.DistanceImageBinarizerTest" time="0.002"/>
  <testcase name="toBinaryArray_ShouldReturnBlackForFarColor" classname="io.github.xavierb117.centroidfinder.DistanceImageBinarizerTest" time="0.0"/>
  <testcase name="toBinaryArray_ShouldReturnBlackWhenDistanceEqualsThreshold" classname="io.github.xavierb117.centroidfinder.DistanceImageBinarizerTest" time="0.0"/>
  <testcase name="toBinaryArray_and_toBufferedImage_ShouldRoundTripCorrectly" classname="io.github.xavierb117.centroidfinder.DistanceImageBinarizerTest" time="0.0"/>
  <testcase name="toBinaryArray_ShouldUseFakeDistanceFinderCorrectly" classname="io.github.xavierb117.centroidfinder.DistanceImageBinarizerTest" time="0.0"/>
  <testcase name="toBinaryArray_ShouldReturnBlackForFarColor_2" classname="io.github.xavierb117.centroidfinder.DistanceImageBinarizerTest" time="0.0"/>
  <testcase name="toBinaryArray_ShouldCallDistanceFinderWithCorrectValues" classname="io.github.xavierb117.centroidfinder.DistanceImageBinarizerTest" time="0.001"/>
  <testcase name="toBufferedImage_ShouldProduceSameDimensionsAsArray" classname="io.github.xavierb117.centroidfinder.DistanceImageBinarizerTest" time="0.001"/>
  <testcase name="toBinaryArray_ShouldReturnWhite" classname="io.github.xavierb117.centroidfinder.DistanceImageBinarizerTest" time="0.001"/>
  <testcase name="toBufferedImage_ShouldConvertBinaryToCorrectColors" classname="io.github.xavierb117.centroidfinder.DistanceImageBinarizerTest" time="0.001"/>
</testsuite>