<?xml version="1.0" encoding="UTF-8"?>
<testsuite xmlns:xsi="http://www.w3.org/2001/XMLSchema-instance" xsi:noNamespaceSchemaLocation="https://maven.apache.org/surefire/maven-surefire-plugin/xsd/surefire-test-report.xsd" version="3.0.2" name="io.github.xavierb117.centroidfinder.VideoResultWriterTest" time="0.062" tests="3" errors="0" skipped="0" failures="0">
  <properties>
[...]
</properties>
  <testcase name="shouldCreateFileWithHeader" classname="io.github.xavierb117.centroidfinder.VideoResultWriterTest" time="0.054"/>
  <testcase name="shouldWriteSingleLineAfterHeader" classname="io.github.xavierb117.centroidfinder.VideoResultWriterTest" time="0.005"/>
  <testcase name="shouldWriteMultipleLinesAfterHeader" classname="io.github.xavierb117.centroidfinder.VideoResultWriterTest" time="0.002"/>
</testsuite>